[INFO ] 12-26-2022 15:29:36 PM STARTING TEST: VERIFY OTHER TUTORIALS SECTION
[INFO ] 12-26-2022 15:29:36 PM Scrolling to element: Other tutorials section...
[INFO ] 12-26-2022 15:29:36 PM Scrolled to element: Other tutorials section....
[INFO ] 12-26-2022 15:29:37 PM Verify: PHP header is displayed
[INFO ] 12-26-2022 15:29:37 PM Result: Passed
[INFO ] 12-26-2022 15:29:37 PM Verify: PHP button is displayed
[INFO ] 12-26-2022 15:29:37 PM Result: Passed
[INFO ] 12-26-2022 15:29:37 PM Verify: "A web server programming language" text is displayed
[INFO ] 12-26-2022 15:29:37 PM Result: Passed
[INFO ] 12-26-2022 15:29:37 PM Verify: jQuery header is displayed
[INFO ] 12-26-2022 15:29:37 PM Result: Passed
[INFO ] 12-26-2022 15:29:37 PM Verify: jQuery button is displayed
[INFO ] 12-26-2022 15:29:37 PM Result: Passed
[INFO ] 12-26-2022 15:29:37 PM Verify: "A JS library for developing web pages" text is displayed
[INFO ] 12-26-2022 15:29:37 PM Result: Passed
[INFO ] 12-26-2022 15:29:37 PM Verify: Java header is displayed
[INFO ] 12-26-2022 15:29:37 PM Result: Passed
[INFO ] 12-26-2022 15:29:37 PM Verify: Java button is displayed
[INFO ] 12-26-2022 15:29:37 PM Result: Passed
[INFO ] 12-26-2022 15:29:37 PM Verify: "A programming language" text is displayed
[INFO ] 12-26-2022 15:29:37 PM Result: Passed
[INFO ] 12-26-2022 15:29:37 PM Verify: C++ header is displayed
[INFO ] 12-26-2022 15:29:37 PM Result: Passed
[INFO ] 12-26-2022 15:29:37 PM Verify: C++ button is displayed
[INFO ] 12-26-2022 15:29:37 PM Result: Passed
[INFO ] 12-26-2022 15:29:37 PM Verify: "A programming language" text is displayed
[INFO ] 12-26-2022 15:29:37 PM Result: Passed
[INFO ] 12-26-2022 15:29:37 PM Verify: W3.CSS header is displayed
[INFO ] 12-26-2022 15:29:37 PM Result: Passed
[INFO ] 12-26-2022 15:29:37 PM Verify: W3.CSS button is displayed
[INFO ] 12-26-2022 15:29:37 PM Result: Passed
[INFO ] 12-26-2022 15:29:37 PM Verify: "A CSS framework for faster and better responsive web pages" text is displayed
[INFO ] 12-26-2022 15:29:37 PM Result: Passed
[INFO ] 12-26-2022 15:29:37 PM Verify: Bootstrap header is displayed
[INFO ] 12-26-2022 15:29:37 PM Result: Passed
[INFO ] 12-26-2022 15:29:37 PM Verify: Bootstrap button is displayed
[INFO ] 12-26-2022 15:29:37 PM Result: Passed
[INFO ] 12-26-2022 15:29:37 PM Verify: "A CSS framework for designing better web pages" text is displayed
[INFO ] 12-26-2022 15:29:37 PM Result: Passed
[INFO ] 12-26-2022 15:29:37 PM Scrolling to element: C Tutorial button...
[INFO ] 12-26-2022 15:29:37 PM Scrolled to element: C Tutorial button....
[INFO ] 12-26-2022 15:29:37 PM Verify: C Tutorial button is displayed
[INFO ] 12-26-2022 15:29:37 PM Result: Passed
[INFO ] 12-26-2022 15:29:37 PM Scrolling to element: C# Tutorial button...
[INFO ] 12-26-2022 15:29:37 PM Scrolled to element: C# Tutorial button....
[INFO ] 12-26-2022 15:29:37 PM Verify: C# Tutorial button is displayed
[INFO ] 12-26-2022 15:29:37 PM Result: Passed
[INFO ] 12-26-2022 15:29:37 PM Scrolling to element: R Tutorial button...
[INFO ] 12-26-2022 15:29:37 PM Scrolled to element: R Tutorial button....
[INFO ] 12-26-2022 15:29:37 PM Verify: R Tutorial button is displayed
[INFO ] 12-26-2022 15:29:37 PM Result: Passed
[INFO ] 12-26-2022 15:29:37 PM Scrolling to element: Kotlin Tutorial button...
[INFO ] 12-26-2022 15:29:37 PM Scrolled to element: Kotlin Tutorial button....
[INFO ] 12-26-2022 15:29:37 PM Verify: Kotlin Tutorial button is displayed
[INFO ] 12-26-2022 15:29:37 PM Result: Passed
[INFO ] 12-26-2022 15:29:37 PM Scrolling to element: Node.js Tutorial button...
[INFO ] 12-26-2022 15:29:37 PM Scrolled to element: Node.js Tutorial button....
[INFO ] 12-26-2022 15:29:37 PM Verify: Node.js Tutorial button is displayed
[INFO ] 12-26-2022 15:29:37 PM Result: Passed
[INFO ] 12-26-2022 15:29:37 PM Scrolling to element: React Tutorial button...
[INFO ] 12-26-2022 15:29:37 PM Scrolled to element: React Tutorial button....
[INFO ] 12-26-2022 15:29:37 PM Verify: React Tutorial button is displayed
[INFO ] 12-26-2022 15:29:37 PM Result: Passed
[INFO ] 12-26-2022 15:29:37 PM Scrolling to element: JSON Tutorial button...
[INFO ] 12-26-2022 15:29:37 PM Scrolled to element: JSON Tutorial button....
[INFO ] 12-26-2022 15:29:37 PM Verify: JSON Tutorial button is displayed
[INFO ] 12-26-2022 15:29:37 PM Result: Passed
[INFO ] 12-26-2022 15:29:37 PM Scrolling to element: AngularJS Tutorial button...
[INFO ] 12-26-2022 15:29:37 PM Scrolled to element: AngularJS Tutorial button....
[INFO ] 12-26-2022 15:29:37 PM Verify: AngularJS Tutorial button is displayed
[INFO ] 12-26-2022 15:29:37 PM Result: Passed
[INFO ] 12-26-2022 15:29:37 PM Scrolling to element: MySQL Tutorial button...
[INFO ] 12-26-2022 15:29:37 PM Scrolled to element: MySQL Tutorial button....
[INFO ] 12-26-2022 15:29:37 PM Verify: MySQL Tutorial button is displayed
[INFO ] 12-26-2022 15:29:37 PM Result: Passed
[INFO ] 12-26-2022 15:29:37 PM Scrolling to element: XML Tutorial button...
[INFO ] 12-26-2022 15:29:37 PM Scrolled to element: XML Tutorial button....
[INFO ] 12-26-2022 15:29:37 PM Verify: XML Tutorial button is displayed
[INFO ] 12-26-2022 15:29:37 PM Result: Passed
[INFO ] 12-26-2022 15:29:37 PM Scrolling to element: Sass Tutorial button...
[INFO ] 12-26-2022 15:29:37 PM Scrolled to element: Sass Tutorial button....
[INFO ] 12-26-2022 15:29:37 PM Verify: Sass Tutorial button is displayed
[INFO ] 12-26-2022 15:29:37 PM Result: Passed
[INFO ] 12-26-2022 15:29:37 PM Scrolling to element: Icons Tutorial button...
[INFO ] 12-26-2022 15:29:37 PM Scrolled to element: Icons Tutorial button....
[INFO ] 12-26-2022 15:29:37 PM Verify: Icons Tutorial button is displayed
[INFO ] 12-26-2022 15:29:37 PM Result: Passed
[INFO ] 12-26-2022 15:29:37 PM Scrolling to element: Responsive Web Design Tutorial button...
[INFO ] 12-26-2022 15:29:37 PM Scrolled to element: Responsive Web Design Tutorial button....
[INFO ] 12-26-2022 15:29:37 PM Verify: Responsive Web Design Tutorial button is displayed
[INFO ] 12-26-2022 15:29:37 PM Result: Passed
[INFO ] 12-26-2022 15:29:37 PM Scrolling to element: Graphics Tutorial button...
[INFO ] 12-26-2022 15:29:37 PM Scrolled to element: Graphics Tutorial button....
[INFO ] 12-26-2022 15:29:37 PM Verify: Graphics Tutorial button is displayed
[INFO ] 12-26-2022 15:29:37 PM Result: Passed
[INFO ] 12-26-2022 15:29:37 PM Scrolling to element: SVG Tutorial button...
[INFO ] 12-26-2022 15:29:37 PM Scrolled to element: SVG Tutorial button....
[INFO ] 12-26-2022 15:29:37 PM Verify: SVG Tutorial button is displayed
[INFO ] 12-26-2022 15:29:37 PM Result: Passed
[INFO ] 12-26-2022 15:29:37 PM Scrolling to element: Canvas Tutorial button...
[INFO ] 12-26-2022 15:29:37 PM Scrolled to element: Canvas Tutorial button....
[INFO ] 12-26-2022 15:29:37 PM Verify: Canvas Tutorial button is displayed
[INFO ] 12-26-2022 15:29:37 PM Result: Passed
[INFO ] 12-26-2022 15:29:37 PM Scrolling to element: Raspberry Pi Tutorial button...
[INFO ] 12-26-2022 15:29:37 PM Scrolled to element: Raspberry Pi Tutorial button....
[INFO ] 12-26-2022 15:29:37 PM Verify: Raspberry Pi Tutorial button is displayed
[INFO ] 12-26-2022 15:29:37 PM Result: Passed
[INFO ] 12-26-2022 15:29:37 PM Scrolling to element: Cyber Security Tutorial button...
[INFO ] 12-26-2022 15:29:37 PM Scrolled to element: Cyber Security Tutorial button....
[INFO ] 12-26-2022 15:29:37 PM Verify: Cyber Security Tutorial button is displayed
[INFO ] 12-26-2022 15:29:37 PM Result: Passed
[INFO ] 12-26-2022 15:29:37 PM Scrolling to element: Colors Tutorial button...
[INFO ] 12-26-2022 15:29:37 PM Scrolled to element: Colors Tutorial button....
[INFO ] 12-26-2022 15:29:37 PM Verify: Colors Tutorial button is displayed
[INFO ] 12-26-2022 15:29:37 PM Result: Passed
[INFO ] 12-26-2022 15:29:37 PM Scrolling to element: Git Tutorial button...
[INFO ] 12-26-2022 15:29:37 PM Scrolled to element: Git Tutorial button....
[INFO ] 12-26-2022 15:29:37 PM Verify: Git Tutorial button is displayed
[INFO ] 12-26-2022 15:29:37 PM Result: Passed
[INFO ] 12-26-2022 15:29:37 PM Scrolling to element: Python Matplotlib Tutorial button...
[INFO ] 12-26-2022 15:29:37 PM Scrolled to element: Python Matplotlib Tutorial button....
[INFO ] 12-26-2022 15:29:37 PM Verify: Python Matplotlib Tutorial button is displayed
[INFO ] 12-26-2022 15:29:37 PM Result: Passed
[INFO ] 12-26-2022 15:29:37 PM Scrolling to element: Python NumPy Tutorial button...
[INFO ] 12-26-2022 15:29:37 PM Scrolled to element: Python NumPy Tutorial button....
[INFO ] 12-26-2022 15:29:37 PM Verify: Python NumPy Tutorial button is displayed
[INFO ] 12-26-2022 15:29:37 PM Result: Passed
[INFO ] 12-26-2022 15:29:37 PM Scrolling to element: Python Pandas Tutorial button...
[INFO ] 12-26-2022 15:29:37 PM Scrolled to element: Python Pandas Tutorial button....
[INFO ] 12-26-2022 15:29:37 PM Verify: Python Pandas Tutorial button is displayed
[INFO ] 12-26-2022 15:29:37 PM Result: Passed
[INFO ] 12-26-2022 15:29:37 PM Scrolling to element: Python SciPy Tutorial button...
[INFO ] 12-26-2022 15:29:37 PM Scrolled to element: Python SciPy Tutorial button....
[INFO ] 12-26-2022 15:29:37 PM Verify: Python SciPy Tutorial button is displayed
[INFO ] 12-26-2022 15:29:37 PM Result: Passed
[INFO ] 12-26-2022 15:29:37 PM Scrolling to element: ASP Tutorial button...
[INFO ] 12-26-2022 15:29:37 PM Scrolled to element: ASP Tutorial button....
[INFO ] 12-26-2022 15:29:37 PM Verify: ASP Tutorial button is displayed
[INFO ] 12-26-2022 15:29:37 PM Result: Passed
[INFO ] 12-26-2022 15:29:37 PM Scrolling to element: Accessibility Tutorial button...
[INFO ] 12-26-2022 15:29:37 PM Scrolled to element: Accessibility Tutorial button....
[INFO ] 12-26-2022 15:29:37 PM Verify: Accessibility Tutorial button is displayed
[INFO ] 12-26-2022 15:29:37 PM Result: Passed
[INFO ] 12-26-2022 15:29:37 PM Scrolling to element: AppML Tutorial button...
[INFO ] 12-26-2022 15:29:37 PM Scrolled to element: AppML Tutorial button....
[INFO ] 12-26-2022 15:29:37 PM Verify: AppML Tutorial button is displayed
[INFO ] 12-26-2022 15:29:37 PM Result: Passed
[INFO ] 12-26-2022 15:29:37 PM Scrolling to element: Go Tutorial button...
[INFO ] 12-26-2022 15:29:38 PM Scrolled to element: Go Tutorial button....
[INFO ] 12-26-2022 15:29:38 PM Verify: Go Tutorial button is displayed
[INFO ] 12-26-2022 15:29:38 PM Result: Passed
[INFO ] 12-26-2022 15:29:38 PM Scrolling to element: TypeScript Tutorial button...
[INFO ] 12-26-2022 15:29:38 PM Scrolled to element: TypeScript Tutorial button....
[INFO ] 12-26-2022 15:29:38 PM Verify: TypeScript Tutorial button is displayed
[INFO ] 12-26-2022 15:29:38 PM Result: Passed
[INFO ] 12-26-2022 15:29:38 PM Scrolling to element: Django Tutorial button...
[INFO ] 12-26-2022 15:29:38 PM Scrolled to element: Django Tutorial button....
[INFO ] 12-26-2022 15:29:38 PM Verify: Django Tutorial button is displayed
[INFO ] 12-26-2022 15:29:38 PM Result: Passed
[INFO ] 12-26-2022 15:29:38 PM Scrolling to element: MongoDB Tutorial button...
[INFO ] 12-26-2022 15:29:38 PM Scrolled to element: MongoDB Tutorial button....
[INFO ] 12-26-2022 15:29:38 PM Verify: MongoDB Tutorial button is displayed
[INFO ] 12-26-2022 15:29:38 PM Result: Passed
[INFO ] 12-26-2022 15:29:38 PM Scrolling to element: Statistics Tutorial button...
[INFO ] 12-26-2022 15:29:38 PM Scrolled to element: Statistics Tutorial button....
[INFO ] 12-26-2022 15:29:38 PM Verify: Statistics Tutorial button is displayed
[INFO ] 12-26-2022 15:29:38 PM Result: Passed
[INFO ] 12-26-2022 15:29:38 PM Scrolling to element: Data Science Tutorial button...
[INFO ] 12-26-2022 15:29:38 PM Scrolled to element: Data Science Tutorial button....
[INFO ] 12-26-2022 15:29:38 PM Verify: Data Science Tutorial button is displayed
[INFO ] 12-26-2022 15:29:38 PM Result: Passed
[INFO ] 12-26-2022 15:29:38 PM Scrolling to element: Graphics Tutorial button...
[INFO ] 12-26-2022 15:29:38 PM Scrolled to element: Graphics Tutorial button....
[INFO ] 12-26-2022 15:29:38 PM Verify: Graphics Tutorial button is displayed
[INFO ] 12-26-2022 15:29:38 PM Result: Passed
[INFO ] 12-26-2022 15:29:38 PM Scrolling to element: Excel Tutorial button...
[INFO ] 12-26-2022 15:29:38 PM Scrolled to element: Excel Tutorial button....
[INFO ] 12-26-2022 15:29:38 PM Verify: Excel Tutorial button is displayed
[INFO ] 12-26-2022 15:29:38 PM Result: Passed
[INFO ] 12-26-2022 15:29:38 PM Scrolling to element: Google Sheets Tutorial button...
[INFO ] 12-26-2022 15:29:38 PM Scrolled to element: Google Sheets Tutorial button....
[INFO ] 12-26-2022 15:29:38 PM Verify: Google Sheets Tutorial button is displayed
[INFO ] 12-26-2022 15:29:38 PM Result: Passed
[INFO ] 12-26-2022 15:29:38 PM Scrolling to element: Machine Learning Tutorial button...
[INFO ] 12-26-2022 15:29:38 PM Scrolled to element: Machine Learning Tutorial button....
[INFO ] 12-26-2022 15:29:38 PM Verify: Machine Learning Tutorial button is displayed
[INFO ] 12-26-2022 15:29:38 PM Result: Passed
[INFO ] 12-26-2022 15:29:38 PM Scrolling to element: Artificial Intelligence Tutorial button...
[INFO ] 12-26-2022 15:29:38 PM Scrolled to element: Artificial Intelligence Tutorial button....
[INFO ] 12-26-2022 15:29:38 PM Verify: Artificial Intelligence Tutorial button is displayed
[INFO ] 12-26-2022 15:29:38 PM Result: Passed
[INFO ] 12-26-2022 15:29:38 PM TEST RESULT VERIFY OTHER TUTORIALS SECTION: PASSED 

[INFO ] 12-26-2022 15:29:38 PM Terminating the driver...
[INFO ] 12-26-2022 15:29:38 PM Terminated the driver.
[INFO ] 12-26-2022 15:29:38 PM End of testing session.
[INFO ] 12-26-2022 15:30:10 PM STARTING TEST: VERIFY OTHER TUTORIALS SECTION
[INFO ] 12-26-2022 15:30:10 PM Scrolling to element: Other tutorials section...
[INFO ] 12-26-2022 15:30:10 PM Scrolled to element: Other tutorials section....
[INFO ] 12-26-2022 15:30:10 PM Verify: PHP header is displayed
[INFO ] 12-26-2022 15:30:10 PM Result: Passed
[INFO ] 12-26-2022 15:30:10 PM Verify: PHP button is displayed
[INFO ] 12-26-2022 15:30:10 PM Result: Passed
[INFO ] 12-26-2022 15:30:10 PM Verify: "A web server programming language" text is displayed
[INFO ] 12-26-2022 15:30:10 PM Result: Passed
[INFO ] 12-26-2022 15:30:10 PM Verify: jQuery header is displayed
[INFO ] 12-26-2022 15:30:10 PM Result: Passed
[INFO ] 12-26-2022 15:30:10 PM Verify: jQuery button is displayed
[INFO ] 12-26-2022 15:30:10 PM Result: Passed
[INFO ] 12-26-2022 15:30:10 PM Verify: "A JS library for developing web pages" text is displayed
[INFO ] 12-26-2022 15:30:10 PM Result: Passed
[INFO ] 12-26-2022 15:30:10 PM Verify: Java header is displayed
[INFO ] 12-26-2022 15:30:10 PM Result: Passed
[INFO ] 12-26-2022 15:30:10 PM Verify: Java button is displayed
[INFO ] 12-26-2022 15:30:10 PM Result: Passed
[INFO ] 12-26-2022 15:30:10 PM Verify: "A programming language" text is displayed
[INFO ] 12-26-2022 15:30:10 PM Result: Passed
[INFO ] 12-26-2022 15:30:10 PM Verify: C++ header is displayed
[INFO ] 12-26-2022 15:30:10 PM Result: Passed
[INFO ] 12-26-2022 15:30:10 PM Verify: C++ button is displayed
[INFO ] 12-26-2022 15:30:10 PM Result: Passed
[INFO ] 12-26-2022 15:30:10 PM Verify: "A programming language" text is displayed
[INFO ] 12-26-2022 15:30:10 PM Result: Passed
[INFO ] 12-26-2022 15:30:10 PM Verify: W3.CSS header is displayed
[INFO ] 12-26-2022 15:30:10 PM Result: Passed
[INFO ] 12-26-2022 15:30:10 PM Verify: W3.CSS button is displayed
[INFO ] 12-26-2022 15:30:10 PM Result: Passed
[INFO ] 12-26-2022 15:30:10 PM Verify: "A CSS framework for faster and better responsive web pages" text is displayed
[INFO ] 12-26-2022 15:30:10 PM Result: Passed
[INFO ] 12-26-2022 15:30:10 PM Verify: Bootstrap header is displayed
[INFO ] 12-26-2022 15:30:10 PM Result: Passed
[INFO ] 12-26-2022 15:30:10 PM Verify: Bootstrap button is displayed
[INFO ] 12-26-2022 15:30:10 PM Result: Passed
[INFO ] 12-26-2022 15:30:11 PM Verify: "A CSS framework for designing better web pages" text is displayed
[INFO ] 12-26-2022 15:30:11 PM Result: Passed
[INFO ] 12-26-2022 15:30:11 PM Scrolling to element: C Tutorial button...
[INFO ] 12-26-2022 15:30:11 PM Scrolled to element: C Tutorial button....
[INFO ] 12-26-2022 15:30:11 PM Verify: C Tutorial button is displayed
[INFO ] 12-26-2022 15:30:11 PM Result: Passed
[INFO ] 12-26-2022 15:30:11 PM Scrolling to element: C# Tutorial button...
[INFO ] 12-26-2022 15:30:11 PM Scrolled to element: C# Tutorial button....
[INFO ] 12-26-2022 15:30:11 PM Verify: C# Tutorial button is displayed
[INFO ] 12-26-2022 15:30:11 PM Result: Passed
[INFO ] 12-26-2022 15:30:11 PM Scrolling to element: R Tutorial button...
[INFO ] 12-26-2022 15:30:11 PM Scrolled to element: R Tutorial button....
[INFO ] 12-26-2022 15:30:11 PM Verify: R Tutorial button is displayed
[INFO ] 12-26-2022 15:30:11 PM Result: Passed
[INFO ] 12-26-2022 15:30:11 PM Scrolling to element: Kotlin Tutorial button...
[INFO ] 12-26-2022 15:30:11 PM Scrolled to element: Kotlin Tutorial button....
[INFO ] 12-26-2022 15:30:11 PM Verify: Kotlin Tutorial button is displayed
[INFO ] 12-26-2022 15:30:11 PM Result: Passed
[INFO ] 12-26-2022 15:30:11 PM Scrolling to element: Node.js Tutorial button...
[INFO ] 12-26-2022 15:30:11 PM Scrolled to element: Node.js Tutorial button....
[INFO ] 12-26-2022 15:30:11 PM Verify: Node.js Tutorial button is displayed
[INFO ] 12-26-2022 15:30:11 PM Result: Passed
[INFO ] 12-26-2022 15:30:11 PM Scrolling to element: React Tutorial button...
[INFO ] 12-26-2022 15:30:11 PM Scrolled to element: React Tutorial button....
[INFO ] 12-26-2022 15:30:11 PM Verify: React Tutorial button is displayed
[INFO ] 12-26-2022 15:30:11 PM Result: Passed
[INFO ] 12-26-2022 15:30:11 PM Scrolling to element: JSON Tutorial button...
[INFO ] 12-26-2022 15:30:11 PM Scrolled to element: JSON Tutorial button....
[INFO ] 12-26-2022 15:30:11 PM Verify: JSON Tutorial button is displayed
[INFO ] 12-26-2022 15:30:11 PM Result: Passed
[INFO ] 12-26-2022 15:30:11 PM Scrolling to element: AngularJS Tutorial button...
[INFO ] 12-26-2022 15:30:11 PM Scrolled to element: AngularJS Tutorial button....
[INFO ] 12-26-2022 15:30:11 PM Verify: AngularJS Tutorial button is displayed
[INFO ] 12-26-2022 15:30:11 PM Result: Passed
[INFO ] 12-26-2022 15:30:11 PM Scrolling to element: MySQL Tutorial button...
[INFO ] 12-26-2022 15:30:11 PM Scrolled to element: MySQL Tutorial button....
[INFO ] 12-26-2022 15:30:11 PM Verify: MySQL Tutorial button is displayed
[INFO ] 12-26-2022 15:30:11 PM Result: Passed
[INFO ] 12-26-2022 15:30:11 PM Scrolling to element: XML Tutorial button...
[INFO ] 12-26-2022 15:30:11 PM Scrolled to element: XML Tutorial button....
[INFO ] 12-26-2022 15:30:11 PM Verify: XML Tutorial button is displayed
[INFO ] 12-26-2022 15:30:11 PM Result: Passed
[INFO ] 12-26-2022 15:30:11 PM Scrolling to element: Sass Tutorial button...
[INFO ] 12-26-2022 15:30:11 PM Scrolled to element: Sass Tutorial button....
[INFO ] 12-26-2022 15:30:11 PM Verify: Sass Tutorial button is displayed
[INFO ] 12-26-2022 15:30:11 PM Result: Passed
[INFO ] 12-26-2022 15:30:11 PM Scrolling to element: Icons Tutorial button...
[INFO ] 12-26-2022 15:30:11 PM Scrolled to element: Icons Tutorial button....
[INFO ] 12-26-2022 15:30:11 PM Verify: Icons Tutorial button is displayed
[INFO ] 12-26-2022 15:30:11 PM Result: Passed
[INFO ] 12-26-2022 15:30:11 PM Scrolling to element: Responsive Web Design Tutorial button...
[INFO ] 12-26-2022 15:30:11 PM Scrolled to element: Responsive Web Design Tutorial button....
[INFO ] 12-26-2022 15:30:11 PM Verify: Responsive Web Design Tutorial button is displayed
[INFO ] 12-26-2022 15:30:11 PM Result: Passed
[INFO ] 12-26-2022 15:30:11 PM Scrolling to element: Graphics Tutorial button...
[INFO ] 12-26-2022 15:30:11 PM Scrolled to element: Graphics Tutorial button....
[INFO ] 12-26-2022 15:30:11 PM Verify: Graphics Tutorial button is displayed
[INFO ] 12-26-2022 15:30:11 PM Result: Passed
[INFO ] 12-26-2022 15:30:11 PM Scrolling to element: SVG Tutorial button...
[INFO ] 12-26-2022 15:30:11 PM Scrolled to element: SVG Tutorial button....
[INFO ] 12-26-2022 15:30:11 PM Verify: SVG Tutorial button is displayed
[INFO ] 12-26-2022 15:30:11 PM Result: Passed
[INFO ] 12-26-2022 15:30:11 PM Scrolling to element: Canvas Tutorial button...
[INFO ] 12-26-2022 15:30:11 PM Scrolled to element: Canvas Tutorial button....
[INFO ] 12-26-2022 15:30:11 PM Verify: Canvas Tutorial button is displayed
[INFO ] 12-26-2022 15:30:11 PM Result: Passed
[INFO ] 12-26-2022 15:30:11 PM Scrolling to element: Raspberry Pi Tutorial button...
[INFO ] 12-26-2022 15:30:11 PM Scrolled to element: Raspberry Pi Tutorial button....
[INFO ] 12-26-2022 15:30:11 PM Verify: Raspberry Pi Tutorial button is displayed
[INFO ] 12-26-2022 15:30:11 PM Result: Passed
[INFO ] 12-26-2022 15:30:11 PM Scrolling to element: Cyber Security Tutorial button...
[INFO ] 12-26-2022 15:30:11 PM Scrolled to element: Cyber Security Tutorial button....
[INFO ] 12-26-2022 15:30:11 PM Verify: Cyber Security Tutorial button is displayed
[INFO ] 12-26-2022 15:30:11 PM Result: Passed
[INFO ] 12-26-2022 15:30:11 PM Scrolling to element: Colors Tutorial button...
[INFO ] 12-26-2022 15:30:11 PM Scrolled to element: Colors Tutorial button....
[INFO ] 12-26-2022 15:30:11 PM Verify: Colors Tutorial button is displayed
[INFO ] 12-26-2022 15:30:11 PM Result: Passed
[INFO ] 12-26-2022 15:30:11 PM Scrolling to element: Git Tutorial button...
[INFO ] 12-26-2022 15:30:11 PM Scrolled to element: Git Tutorial button....
[INFO ] 12-26-2022 15:30:11 PM Verify: Git Tutorial button is displayed
[INFO ] 12-26-2022 15:30:11 PM Result: Passed
[INFO ] 12-26-2022 15:30:11 PM Scrolling to element: Python Matplotlib Tutorial button...
[INFO ] 12-26-2022 15:30:11 PM Scrolled to element: Python Matplotlib Tutorial button....
[INFO ] 12-26-2022 15:30:11 PM Verify: Python Matplotlib Tutorial button is displayed
[INFO ] 12-26-2022 15:30:11 PM Result: Passed
[INFO ] 12-26-2022 15:30:11 PM Scrolling to element: Python NumPy Tutorial button...
[INFO ] 12-26-2022 15:30:11 PM Scrolled to element: Python NumPy Tutorial button....
[INFO ] 12-26-2022 15:30:11 PM Verify: Python NumPy Tutorial button is displayed
[INFO ] 12-26-2022 15:30:11 PM Result: Passed
[INFO ] 12-26-2022 15:30:11 PM Scrolling to element: Python Pandas Tutorial button...
[INFO ] 12-26-2022 15:30:11 PM Scrolled to element: Python Pandas Tutorial button....
[INFO ] 12-26-2022 15:30:11 PM Verify: Python Pandas Tutorial button is displayed
[INFO ] 12-26-2022 15:30:11 PM Result: Passed
[INFO ] 12-26-2022 15:30:11 PM Scrolling to element: Python SciPy Tutorial button...
[INFO ] 12-26-2022 15:30:11 PM Scrolled to element: Python SciPy Tutorial button....
[INFO ] 12-26-2022 15:30:11 PM Verify: Python SciPy Tutorial button is displayed
[INFO ] 12-26-2022 15:30:11 PM Result: Passed
[INFO ] 12-26-2022 15:30:11 PM Scrolling to element: ASP Tutorial button...
[INFO ] 12-26-2022 15:30:11 PM Scrolled to element: ASP Tutorial button....
[INFO ] 12-26-2022 15:30:11 PM Verify: ASP Tutorial button is displayed
[INFO ] 12-26-2022 15:30:11 PM Result: Passed
[INFO ] 12-26-2022 15:30:11 PM Scrolling to element: Accessibility Tutorial button...
[INFO ] 12-26-2022 15:30:11 PM Scrolled to element: Accessibility Tutorial button....
[INFO ] 12-26-2022 15:30:11 PM Verify: Accessibility Tutorial button is displayed
[INFO ] 12-26-2022 15:30:11 PM Result: Passed
[INFO ] 12-26-2022 15:30:11 PM Scrolling to element: AppML Tutorial button...
[INFO ] 12-26-2022 15:30:11 PM Scrolled to element: AppML Tutorial button....
[INFO ] 12-26-2022 15:30:11 PM Verify: AppML Tutorial button is displayed
[INFO ] 12-26-2022 15:30:11 PM Result: Passed
[INFO ] 12-26-2022 15:30:11 PM Scrolling to element: Go Tutorial button...
[INFO ] 12-26-2022 15:30:11 PM Scrolled to element: Go Tutorial button....
[INFO ] 12-26-2022 15:30:11 PM Verify: Go Tutorial button is displayed
[INFO ] 12-26-2022 15:30:11 PM Result: Passed
[INFO ] 12-26-2022 15:30:11 PM Scrolling to element: TypeScript Tutorial button...
[INFO ] 12-26-2022 15:30:11 PM Scrolled to element: TypeScript Tutorial button....
[INFO ] 12-26-2022 15:30:11 PM Verify: TypeScript Tutorial button is displayed
[INFO ] 12-26-2022 15:30:11 PM Result: Passed
[INFO ] 12-26-2022 15:30:11 PM Scrolling to element: Django Tutorial button...
[INFO ] 12-26-2022 15:30:11 PM Scrolled to element: Django Tutorial button....
[INFO ] 12-26-2022 15:30:11 PM Verify: Django Tutorial button is displayed
[INFO ] 12-26-2022 15:30:11 PM Result: Passed
[INFO ] 12-26-2022 15:30:11 PM Scrolling to element: MongoDB Tutorial button...
[INFO ] 12-26-2022 15:30:11 PM Scrolled to element: MongoDB Tutorial button....
[INFO ] 12-26-2022 15:30:11 PM Verify: MongoDB Tutorial button is displayed
[INFO ] 12-26-2022 15:30:11 PM Result: Passed
[INFO ] 12-26-2022 15:30:11 PM Scrolling to element: Statistics Tutorial button...
[INFO ] 12-26-2022 15:30:11 PM Scrolled to element: Statistics Tutorial button....
[INFO ] 12-26-2022 15:30:11 PM Verify: Statistics Tutorial button is displayed
[INFO ] 12-26-2022 15:30:11 PM Result: Passed
[INFO ] 12-26-2022 15:30:11 PM Scrolling to element: Data Science Tutorial button...
[INFO ] 12-26-2022 15:30:11 PM Scrolled to element: Data Science Tutorial button....
[INFO ] 12-26-2022 15:30:11 PM Verify: Data Science Tutorial button is displayed
[INFO ] 12-26-2022 15:30:11 PM Result: Passed
[INFO ] 12-26-2022 15:30:11 PM Scrolling to element: Graphics Tutorial button...
[INFO ] 12-26-2022 15:30:11 PM Scrolled to element: Graphics Tutorial button....
[INFO ] 12-26-2022 15:30:11 PM Verify: Graphics Tutorial button is displayed
[INFO ] 12-26-2022 15:30:11 PM Result: Passed
[INFO ] 12-26-2022 15:30:11 PM Scrolling to element: Excel Tutorial button...
[INFO ] 12-26-2022 15:30:11 PM Scrolled to element: Excel Tutorial button....
[INFO ] 12-26-2022 15:30:11 PM Verify: Excel Tutorial button is displayed
[INFO ] 12-26-2022 15:30:11 PM Result: Passed
[INFO ] 12-26-2022 15:30:11 PM Scrolling to element: Google Sheets Tutorial button...
[INFO ] 12-26-2022 15:30:11 PM Scrolled to element: Google Sheets Tutorial button....
[INFO ] 12-26-2022 15:30:11 PM Verify: Google Sheets Tutorial button is displayed
[INFO ] 12-26-2022 15:30:11 PM Result: Passed
[INFO ] 12-26-2022 15:30:11 PM Scrolling to element: Machine Learning Tutorial button...
[INFO ] 12-26-2022 15:30:11 PM Scrolled to element: Machine Learning Tutorial button....
[INFO ] 12-26-2022 15:30:11 PM Verify: Machine Learning Tutorial button is displayed
[INFO ] 12-26-2022 15:30:11 PM Result: Passed
[INFO ] 12-26-2022 15:30:11 PM Scrolling to element: Artificial Intelligence Tutorial button...
[INFO ] 12-26-2022 15:30:11 PM Scrolled to element: Artificial Intelligence Tutorial button....
[INFO ] 12-26-2022 15:30:11 PM Verify: Artificial Intelligence Tutorial button is displayed
[INFO ] 12-26-2022 15:30:11 PM Result: Passed
[INFO ] 12-26-2022 15:30:11 PM TEST RESULT VERIFY OTHER TUTORIALS SECTION: PASSED 

[INFO ] 12-26-2022 15:30:12 PM Terminating the driver...
[INFO ] 12-26-2022 15:30:12 PM Terminated the driver.
[INFO ] 12-26-2022 15:30:12 PM End of testing session.
